Determining if the pthread_create exist failed with the following output:
Change Dir: /home/wm/Short-Circuit/build/CMakeFiles/CMakeTmp

Run Build Command:/usr/bin/make "cmTryCompileExec3949566038/fast"
/usr/bin/make -f CMakeFiles/cmTryCompileExec3949566038.dir/build.make CMakeFiles/cmTryCompileExec3949566038.dir/build
make[1]: Entering directory `/home/wm/Short-Circuit/build/CMakeFiles/CMakeTmp'
/usr/bin/cmake -E cmake_progress_report /home/wm/Short-Circuit/build/CMakeFiles/CMakeTmp/CMakeFiles 1
Building C object CMakeFiles/cmTryCompileExec3949566038.dir/CheckSymbolExists.c.o
/usr/bin/cc    -o CMakeFiles/cmTryCompileExec3949566038.dir/CheckSymbolExists.c.o   -c /home/wm/Short-Circuit/build/CMakeFiles/CMakeTmp/CheckSymbolExists.c
Linking C executable cmTryCompileExec3949566038
/usr/bin/cmake -E cmake_link_script CMakeFiles/cmTryCompileExec3949566038.dir/link.txt --verbose=1
/usr/bin/cc       CMakeFiles/cmTryCompileExec3949566038.dir/CheckSymbolExists.c.o  -o cmTryCompileExec3949566038 -rdynamic 
CMakeFiles/cmTryCompileExec3949566038.dir/CheckSymbolExists.c.o: In function `main':
CheckSymbolExists.c:(.text+0x16): undefined reference to `pthread_create'
collect2: error: ld returned 1 exit status
make[1]: *** [cmTryCompileExec3949566038] Error 1
make[1]: Leaving directory `/home/wm/Short-Circuit/build/CMakeFiles/CMakeTmp'
make: *** [cmTryCompileExec3949566038/fast] Error 2

File /home/wm/Short-Circuit/build/CMakeFiles/CMakeTmp/CheckSymbolExists.c:
/* */
#include <pthread.h>

int main(int argc, char** argv)
{
  (void)argv;
#ifndef pthread_create
  return ((int*)(&pthread_create))[argc];
#else
  (void)argc;
  return 0;
#endif
}

Determining if the function pthread_create exists in the pthreads failed with the following output:
Change Dir: /home/wm/Short-Circuit/build/CMakeFiles/CMakeTmp

Run Build Command:/usr/bin/make "cmTryCompileExec903627146/fast"
/usr/bin/make -f CMakeFiles/cmTryCompileExec903627146.dir/build.make CMakeFiles/cmTryCompileExec903627146.dir/build
make[1]: Entering directory `/home/wm/Short-Circuit/build/CMakeFiles/CMakeTmp'
/usr/bin/cmake -E cmake_progress_report /home/wm/Short-Circuit/build/CMakeFiles/CMakeTmp/CMakeFiles 1
Building C object CMakeFiles/cmTryCompileExec903627146.dir/CheckFunctionExists.c.o
/usr/bin/cc   -DCHECK_FUNCTION_EXISTS=pthread_create   -o CMakeFiles/cmTryCompileExec903627146.dir/CheckFunctionExists.c.o   -c /usr/share/cmake-2.8/Modules/CheckFunctionExists.c
Linking C executable cmTryCompileExec903627146
/usr/bin/cmake -E cmake_link_script CMakeFiles/cmTryCompileExec903627146.dir/link.txt --verbose=1
/usr/bin/cc   -DCHECK_FUNCTION_EXISTS=pthread_create    CMakeFiles/cmTryCompileExec903627146.dir/CheckFunctionExists.c.o  -o cmTryCompileExec903627146 -rdynamic -lpthreads 
/usr/bin/ld: cannot find -lpthreads
collect2: error: ld returned 1 exit status
make[1]: *** [cmTryCompileExec903627146] Error 1
make[1]: Leaving directory `/home/wm/Short-Circuit/build/CMakeFiles/CMakeTmp'
make: *** [cmTryCompileExec903627146/fast] Error 2


